<?xml version="1.0" encoding="UTF-8"?>
<!-- Generated by org.testng.reporters.JUnitXMLReporter -->
<testsuite hostname="ICare-Asif" ignored="4" tests="1" failures="0" timestamp="11 Mar 2019 13:45:13 GMT" time="10.191" errors="0">
  <testcase name="pagetitleSignIn" time="8.306" classname="GoogleTest"/>
  <testcase name="testHomepagetitle" time="0.0" classname="GoogleTest">
    <ignored/>
  </testcase> <!-- testHomepagetitle -->
  <testcase name="testJcp" time="0.0" classname="GoogleTest">
    <ignored/>
  </testcase> <!-- testJcp -->
  <testcase name="pagetitleforSearch" time="0.0" classname="GoogleTest">
    <ignored/>
  </testcase> <!-- pagetitleforSearch -->
  <testcase name="testImage" time="0.0" classname="GoogleTest">
    <ignored/>
  </testcase> <!-- testImage -->
</testsuite>
