<?xml version="1.0" encoding="UTF-8"?>
<testng-results skipped="0" failed="0" ignored="4" total="5" passed="1">
  <reporter-output>
  </reporter-output>
  <suite name="Default suite" duration-ms="10191" started-at="2019-03-11T13:45:00Z" finished-at="2019-03-11T13:45:10Z">
    <groups>
    </groups>
    <test name="Default test" duration-ms="10191" started-at="2019-03-11T13:45:00Z" finished-at="2019-03-11T13:45:10Z">
      <class name="GoogleTest">
        <test-method status="PASS" signature="setup()[pri:0, instance:GoogleTest@28feb3fa]" name="setup" is-config="true" duration-ms="1703" started-at="2019-03-11T13:45:00Z" finished-at="2019-03-11T13:45:02Z">
          <reporter-output>
          </reporter-output>
        </test-method> <!-- setup -->
        <test-method status="PASS" signature="pagetitleSignIn()[pri:2, instance:GoogleTest@28feb3fa]" name="pagetitleSignIn" duration-ms="8306" started-at="2019-03-11T13:45:02Z" finished-at="2019-03-11T13:45:10Z">
          <reporter-output>
          </reporter-output>
        </test-method> <!-- pagetitleSignIn -->
        <test-method status="PASS" signature="tearDown()[pri:0, instance:GoogleTest@28feb3fa]" name="tearDown" is-config="true" duration-ms="164" started-at="2019-03-11T13:45:10Z" finished-at="2019-03-11T13:45:10Z">
          <reporter-output>
          </reporter-output>
        </test-method> <!-- tearDown -->
      </class> <!-- GoogleTest -->
    </test> <!-- Default test -->
  </suite> <!-- Default suite -->
</testng-results>
